Started GET "/mystore/" for 127.0.0.1 at 2017-10-06 13:49:34 +0800
  
ActionController::RoutingError (No route matches [GET] "/mystore"):
  
actionpack (5.1.4) lib/action_dispatch/middleware/debug_exceptions.rb:63:in `call'
web-console (3.5.1) lib/web_console/middleware.rb:135:in `call_app'
web-console (3.5.1) lib/web_console/middleware.rb:28:in `block in call'
web-console (3.5.1) lib/web_console/middleware.rb:18:in `catch'
web-console (3.5.1) lib/web_console/middleware.rb:18:in `call'
actionpack (5.1.4) lib/action_dispatch/middleware/show_exceptions.rb:31:in `call'
railties (5.1.4) lib/rails/rack/logger.rb:36:in `call_app'
railties (5.1.4) lib/rails/rack/logger.rb:24:in `block in call'
activesupport (5.1.4) lib/active_support/tagged_logging.rb:69:in `block in tagged'
activesupport (5.1.4) lib/active_support/tagged_logging.rb:26:in `tagged'
activesupport (5.1.4) lib/active_support/tagged_logging.rb:69:in `tagged'
railties (5.1.4) lib/rails/rack/logger.rb:24:in `call'
sprockets-rails (3.2.1) lib/sprockets/rails/quiet_assets.rb:13:in `call'
actionpack (5.1.4) lib/action_dispatch/middleware/remote_ip.rb:79:in `call'
actionpack (5.1.4) lib/action_dispatch/middleware/request_id.rb:25:in `call'
rack (2.0.3) lib/rack/method_override.rb:22:in `call'
rack (2.0.3) lib/rack/runtime.rb:22:in `call'
activesupport (5.1.4) lib/active_support/cache/strategy/local_cache_middleware.rb:27:in `call'
actionpack (5.1.4) lib/action_dispatch/middleware/executor.rb:12:in `call'
actionpack (5.1.4) lib/action_dispatch/middleware/static.rb:125:in `call'
rack (2.0.3) lib/rack/sendfile.rb:111:in `call'
railties (5.1.4) lib/rails/engine.rb:522:in `call'
puma (3.10.0) lib/puma/configuration.rb:225:in `call'
puma (3.10.0) lib/puma/server.rb:605:in `handle_request'
puma (3.10.0) lib/puma/server.rb:437:in `process_client'
puma (3.10.0) lib/puma/server.rb:301:in `block in run'
puma (3.10.0) lib/puma/thread_pool.rb:120:in `block in spawn_thread'
Started GET "/" for 127.0.0.1 at 2017-10-06 13:49:39 +0800
Processing by Rails::WelcomeController#index as HTML
  Rendering /Users/huihua/.rvm/gems/ruby-2.4.1/gems/railties-5.1.4/lib/rails/templates/rails/welcome/index.html.erb
  Rendered /Users/huihua/.rvm/gems/ruby-2.4.1/gems/railties-5.1.4/lib/rails/templates/rails/welcome/index.html.erb (3.8ms)
Completed 200 OK in 268ms (Views: 8.5ms)


Started GET "/about" for 127.0.0.1 at 2017-10-06 13:49:42 +0800
  
ActionController::RoutingError (No route matches [GET] "/about"):
  
actionpack (5.1.4) lib/action_dispatch/middleware/debug_exceptions.rb:63:in `call'
web-console (3.5.1) lib/web_console/middleware.rb:135:in `call_app'
web-console (3.5.1) lib/web_console/middleware.rb:28:in `block in call'
web-console (3.5.1) lib/web_console/middleware.rb:18:in `catch'
web-console (3.5.1) lib/web_console/middleware.rb:18:in `call'
actionpack (5.1.4) lib/action_dispatch/middleware/show_exceptions.rb:31:in `call'
railties (5.1.4) lib/rails/rack/logger.rb:36:in `call_app'
railties (5.1.4) lib/rails/rack/logger.rb:24:in `block in call'
activesupport (5.1.4) lib/active_support/tagged_logging.rb:69:in `block in tagged'
activesupport (5.1.4) lib/active_support/tagged_logging.rb:26:in `tagged'
activesupport (5.1.4) lib/active_support/tagged_logging.rb:69:in `tagged'
railties (5.1.4) lib/rails/rack/logger.rb:24:in `call'
sprockets-rails (3.2.1) lib/sprockets/rails/quiet_assets.rb:13:in `call'
actionpack (5.1.4) lib/action_dispatch/middleware/remote_ip.rb:79:in `call'
actionpack (5.1.4) lib/action_dispatch/middleware/request_id.rb:25:in `call'
rack (2.0.3) lib/rack/method_override.rb:22:in `call'
rack (2.0.3) lib/rack/runtime.rb:22:in `call'
activesupport (5.1.4) lib/active_support/cache/strategy/local_cache_middleware.rb:27:in `call'
actionpack (5.1.4) lib/action_dispatch/middleware/executor.rb:12:in `call'
actionpack (5.1.4) lib/action_dispatch/middleware/static.rb:125:in `call'
rack (2.0.3) lib/rack/sendfile.rb:111:in `call'
railties (5.1.4) lib/rails/engine.rb:522:in `call'
puma (3.10.0) lib/puma/configuration.rb:225:in `call'
puma (3.10.0) lib/puma/server.rb:605:in `handle_request'
puma (3.10.0) lib/puma/server.rb:437:in `process_client'
puma (3.10.0) lib/puma/server.rb:301:in `block in run'
puma (3.10.0) lib/puma/thread_pool.rb:120:in `block in spawn_thread'
Started GET "/about" for 127.0.0.1 at 2017-10-06 13:51:14 +0800
  
ActionController::RoutingError (No route matches [GET] "/about"):
  
actionpack (5.1.4) lib/action_dispatch/middleware/debug_exceptions.rb:63:in `call'
web-console (3.5.1) lib/web_console/middleware.rb:135:in `call_app'
web-console (3.5.1) lib/web_console/middleware.rb:28:in `block in call'
web-console (3.5.1) lib/web_console/middleware.rb:18:in `catch'
web-console (3.5.1) lib/web_console/middleware.rb:18:in `call'
actionpack (5.1.4) lib/action_dispatch/middleware/show_exceptions.rb:31:in `call'
railties (5.1.4) lib/rails/rack/logger.rb:36:in `call_app'
railties (5.1.4) lib/rails/rack/logger.rb:24:in `block in call'
activesupport (5.1.4) lib/active_support/tagged_logging.rb:69:in `block in tagged'
activesupport (5.1.4) lib/active_support/tagged_logging.rb:26:in `tagged'
activesupport (5.1.4) lib/active_support/tagged_logging.rb:69:in `tagged'
railties (5.1.4) lib/rails/rack/logger.rb:24:in `call'
sprockets-rails (3.2.1) lib/sprockets/rails/quiet_assets.rb:13:in `call'
actionpack (5.1.4) lib/action_dispatch/middleware/remote_ip.rb:79:in `call'
actionpack (5.1.4) lib/action_dispatch/middleware/request_id.rb:25:in `call'
rack (2.0.3) lib/rack/method_override.rb:22:in `call'
rack (2.0.3) lib/rack/runtime.rb:22:in `call'
activesupport (5.1.4) lib/active_support/cache/strategy/local_cache_middleware.rb:27:in `call'
actionpack (5.1.4) lib/action_dispatch/middleware/executor.rb:12:in `call'
actionpack (5.1.4) lib/action_dispatch/middleware/static.rb:125:in `call'
rack (2.0.3) lib/rack/sendfile.rb:111:in `call'
railties (5.1.4) lib/rails/engine.rb:522:in `call'
puma (3.10.0) lib/puma/configuration.rb:225:in `call'
puma (3.10.0) lib/puma/server.rb:605:in `handle_request'
puma (3.10.0) lib/puma/server.rb:437:in `process_client'
puma (3.10.0) lib/puma/server.rb:301:in `block in run'
puma (3.10.0) lib/puma/thread_pool.rb:120:in `block in spawn_thread'
Started GET "/" for 127.0.0.1 at 2017-10-06 13:51:18 +0800
Processing by Rails::WelcomeController#index as HTML
  Rendering /Users/huihua/.rvm/gems/ruby-2.4.1/gems/railties-5.1.4/lib/rails/templates/rails/welcome/index.html.erb
  Rendered /Users/huihua/.rvm/gems/ruby-2.4.1/gems/railties-5.1.4/lib/rails/templates/rails/welcome/index.html.erb (4.4ms)
Completed 200 OK in 232ms (Views: 8.1ms)


Started GET "/" for 127.0.0.1 at 2017-10-06 13:51:20 +0800
Processing by Rails::WelcomeController#index as HTML
  Rendering /Users/huihua/.rvm/gems/ruby-2.4.1/gems/railties-5.1.4/lib/rails/templates/rails/welcome/index.html.erb
  Rendered /Users/huihua/.rvm/gems/ruby-2.4.1/gems/railties-5.1.4/lib/rails/templates/rails/welcome/index.html.erb (3.2ms)
Completed 200 OK in 7ms (Views: 5.4ms)


Started GET "/about" for 127.0.0.1 at 2017-10-06 13:51:21 +0800
  
ActionController::RoutingError (No route matches [GET] "/about"):
  
actionpack (5.1.4) lib/action_dispatch/middleware/debug_exceptions.rb:63:in `call'
web-console (3.5.1) lib/web_console/middleware.rb:135:in `call_app'
web-console (3.5.1) lib/web_console/middleware.rb:28:in `block in call'
web-console (3.5.1) lib/web_console/middleware.rb:18:in `catch'
web-console (3.5.1) lib/web_console/middleware.rb:18:in `call'
actionpack (5.1.4) lib/action_dispatch/middleware/show_exceptions.rb:31:in `call'
railties (5.1.4) lib/rails/rack/logger.rb:36:in `call_app'
railties (5.1.4) lib/rails/rack/logger.rb:24:in `block in call'
activesupport (5.1.4) lib/active_support/tagged_logging.rb:69:in `block in tagged'
activesupport (5.1.4) lib/active_support/tagged_logging.rb:26:in `tagged'
activesupport (5.1.4) lib/active_support/tagged_logging.rb:69:in `tagged'
railties (5.1.4) lib/rails/rack/logger.rb:24:in `call'
sprockets-rails (3.2.1) lib/sprockets/rails/quiet_assets.rb:13:in `call'
actionpack (5.1.4) lib/action_dispatch/middleware/remote_ip.rb:79:in `call'
actionpack (5.1.4) lib/action_dispatch/middleware/request_id.rb:25:in `call'
rack (2.0.3) lib/rack/method_override.rb:22:in `call'
rack (2.0.3) lib/rack/runtime.rb:22:in `call'
activesupport (5.1.4) lib/active_support/cache/strategy/local_cache_middleware.rb:27:in `call'
actionpack (5.1.4) lib/action_dispatch/middleware/executor.rb:12:in `call'
actionpack (5.1.4) lib/action_dispatch/middleware/static.rb:125:in `call'
rack (2.0.3) lib/rack/sendfile.rb:111:in `call'
railties (5.1.4) lib/rails/engine.rb:522:in `call'
puma (3.10.0) lib/puma/configuration.rb:225:in `call'
puma (3.10.0) lib/puma/server.rb:605:in `handle_request'
puma (3.10.0) lib/puma/server.rb:437:in `process_client'
puma (3.10.0) lib/puma/server.rb:301:in `block in run'
puma (3.10.0) lib/puma/thread_pool.rb:120:in `block in spawn_thread'
Started GET "/about" for 127.0.0.1 at 2017-10-06 13:51:24 +0800
  
ActionController::RoutingError (No route matches [GET] "/about"):
  
actionpack (5.1.4) lib/action_dispatch/middleware/debug_exceptions.rb:63:in `call'
web-console (3.5.1) lib/web_console/middleware.rb:135:in `call_app'
web-console (3.5.1) lib/web_console/middleware.rb:28:in `block in call'
web-console (3.5.1) lib/web_console/middleware.rb:18:in `catch'
web-console (3.5.1) lib/web_console/middleware.rb:18:in `call'
actionpack (5.1.4) lib/action_dispatch/middleware/show_exceptions.rb:31:in `call'
railties (5.1.4) lib/rails/rack/logger.rb:36:in `call_app'
railties (5.1.4) lib/rails/rack/logger.rb:24:in `block in call'
activesupport (5.1.4) lib/active_support/tagged_logging.rb:69:in `block in tagged'
activesupport (5.1.4) lib/active_support/tagged_logging.rb:26:in `tagged'
activesupport (5.1.4) lib/active_support/tagged_logging.rb:69:in `tagged'
railties (5.1.4) lib/rails/rack/logger.rb:24:in `call'
sprockets-rails (3.2.1) lib/sprockets/rails/quiet_assets.rb:13:in `call'
actionpack (5.1.4) lib/action_dispatch/middleware/remote_ip.rb:79:in `call'
actionpack (5.1.4) lib/action_dispatch/middleware/request_id.rb:25:in `call'
rack (2.0.3) lib/rack/method_override.rb:22:in `call'
rack (2.0.3) lib/rack/runtime.rb:22:in `call'
activesupport (5.1.4) lib/active_support/cache/strategy/local_cache_middleware.rb:27:in `call'
actionpack (5.1.4) lib/action_dispatch/middleware/executor.rb:12:in `call'
actionpack (5.1.4) lib/action_dispatch/middleware/static.rb:125:in `call'
rack (2.0.3) lib/rack/sendfile.rb:111:in `call'
railties (5.1.4) lib/rails/engine.rb:522:in `call'
puma (3.10.0) lib/puma/configuration.rb:225:in `call'
puma (3.10.0) lib/puma/server.rb:605:in `handle_request'
puma (3.10.0) lib/puma/server.rb:437:in `process_client'
puma (3.10.0) lib/puma/server.rb:301:in `block in run'
puma (3.10.0) lib/puma/thread_pool.rb:120:in `block in spawn_thread'
Started GET "/about" for 127.0.0.1 at 2017-10-06 13:52:05 +0800
  
ActionController::RoutingError (No route matches [GET] "/about"):
  
actionpack (5.1.4) lib/action_dispatch/middleware/debug_exceptions.rb:63:in `call'
web-console (3.5.1) lib/web_console/middleware.rb:135:in `call_app'
web-console (3.5.1) lib/web_console/middleware.rb:28:in `block in call'
web-console (3.5.1) lib/web_console/middleware.rb:18:in `catch'
web-console (3.5.1) lib/web_console/middleware.rb:18:in `call'
actionpack (5.1.4) lib/action_dispatch/middleware/show_exceptions.rb:31:in `call'
railties (5.1.4) lib/rails/rack/logger.rb:36:in `call_app'
railties (5.1.4) lib/rails/rack/logger.rb:24:in `block in call'
activesupport (5.1.4) lib/active_support/tagged_logging.rb:69:in `block in tagged'
activesupport (5.1.4) lib/active_support/tagged_logging.rb:26:in `tagged'
activesupport (5.1.4) lib/active_support/tagged_logging.rb:69:in `tagged'
railties (5.1.4) lib/rails/rack/logger.rb:24:in `call'
sprockets-rails (3.2.1) lib/sprockets/rails/quiet_assets.rb:13:in `call'
actionpack (5.1.4) lib/action_dispatch/middleware/remote_ip.rb:79:in `call'
actionpack (5.1.4) lib/action_dispatch/middleware/request_id.rb:25:in `call'
rack (2.0.3) lib/rack/method_override.rb:22:in `call'
rack (2.0.3) lib/rack/runtime.rb:22:in `call'
activesupport (5.1.4) lib/active_support/cache/strategy/local_cache_middleware.rb:27:in `call'
actionpack (5.1.4) lib/action_dispatch/middleware/executor.rb:12:in `call'
actionpack (5.1.4) lib/action_dispatch/middleware/static.rb:125:in `call'
rack (2.0.3) lib/rack/sendfile.rb:111:in `call'
railties (5.1.4) lib/rails/engine.rb:522:in `call'
puma (3.10.0) lib/puma/configuration.rb:225:in `call'
puma (3.10.0) lib/puma/server.rb:605:in `handle_request'
puma (3.10.0) lib/puma/server.rb:437:in `process_client'
puma (3.10.0) lib/puma/server.rb:301:in `block in run'
puma (3.10.0) lib/puma/thread_pool.rb:120:in `block in spawn_thread'
Started GET "/about" for 127.0.0.1 at 2017-10-06 13:53:07 +0800
Processing by PagesController#about as HTML
  Rendering pages/about.html within layouts/application
  Rendered pages/about.html within layouts/application (1.0ms)
Completed 200 OK in 1312ms (Views: 1310.4ms)


Started GET "/about" for 127.0.0.1 at 2017-10-06 13:54:37 +0800
Processing by PagesController#about as HTML
  Rendering pages/about.html within layouts/application
  Rendered pages/about.html within layouts/application (2.0ms)
Completed 200 OK in 64ms (Views: 55.8ms)


Started GET "/about" for 127.0.0.1 at 2017-10-06 14:26:52 +0800
Processing by PagesController#about as HTML
  Rendering pages/about.html within layouts/application
  Rendered pages/about.html within layouts/application (0.9ms)
Completed 200 OK in 114ms (Views: 109.7ms)


Started GET "/" for 127.0.0.1 at 2017-10-06 14:26:57 +0800
Processing by PagesController#homepage as HTML
  Rendering pages/about.html within layouts/application
  Rendered pages/about.html within layouts/application (0.5ms)
Completed 200 OK in 53ms (Views: 52.5ms)


Started GET "/" for 127.0.0.1 at 2017-10-06 14:26:59 +0800
Processing by PagesController#homepage as HTML
  Rendering pages/about.html within layouts/application
  Rendered pages/about.html within layouts/application (0.4ms)
Completed 200 OK in 39ms (Views: 35.5ms)


Started GET "/homepage" for 127.0.0.1 at 2017-10-06 14:27:03 +0800
  
ActionController::RoutingError (No route matches [GET] "/homepage"):
  
actionpack (5.1.4) lib/action_dispatch/middleware/debug_exceptions.rb:63:in `call'
web-console (3.5.1) lib/web_console/middleware.rb:135:in `call_app'
web-console (3.5.1) lib/web_console/middleware.rb:28:in `block in call'
web-console (3.5.1) lib/web_console/middleware.rb:18:in `catch'
web-console (3.5.1) lib/web_console/middleware.rb:18:in `call'
actionpack (5.1.4) lib/action_dispatch/middleware/show_exceptions.rb:31:in `call'
railties (5.1.4) lib/rails/rack/logger.rb:36:in `call_app'
railties (5.1.4) lib/rails/rack/logger.rb:24:in `block in call'
activesupport (5.1.4) lib/active_support/tagged_logging.rb:69:in `block in tagged'
activesupport (5.1.4) lib/active_support/tagged_logging.rb:26:in `tagged'
activesupport (5.1.4) lib/active_support/tagged_logging.rb:69:in `tagged'
railties (5.1.4) lib/rails/rack/logger.rb:24:in `call'
sprockets-rails (3.2.1) lib/sprockets/rails/quiet_assets.rb:13:in `call'
actionpack (5.1.4) lib/action_dispatch/middleware/remote_ip.rb:79:in `call'
actionpack (5.1.4) lib/action_dispatch/middleware/request_id.rb:25:in `call'
rack (2.0.3) lib/rack/method_override.rb:22:in `call'
rack (2.0.3) lib/rack/runtime.rb:22:in `call'
activesupport (5.1.4) lib/active_support/cache/strategy/local_cache_middleware.rb:27:in `call'
actionpack (5.1.4) lib/action_dispatch/middleware/executor.rb:12:in `call'
actionpack (5.1.4) lib/action_dispatch/middleware/static.rb:125:in `call'
rack (2.0.3) lib/rack/sendfile.rb:111:in `call'
railties (5.1.4) lib/rails/engine.rb:522:in `call'
puma (3.10.0) lib/puma/configuration.rb:225:in `call'
puma (3.10.0) lib/puma/server.rb:605:in `handle_request'
puma (3.10.0) lib/puma/server.rb:437:in `process_client'
puma (3.10.0) lib/puma/server.rb:301:in `block in run'
puma (3.10.0) lib/puma/thread_pool.rb:120:in `block in spawn_thread'
Started GET "/homepage" for 127.0.0.1 at 2017-10-06 14:27:56 +0800
  
ActionController::RoutingError (No route matches [GET] "/homepage"):
  
actionpack (5.1.4) lib/action_dispatch/middleware/debug_exceptions.rb:63:in `call'
web-console (3.5.1) lib/web_console/middleware.rb:135:in `call_app'
web-console (3.5.1) lib/web_console/middleware.rb:28:in `block in call'
web-console (3.5.1) lib/web_console/middleware.rb:18:in `catch'
web-console (3.5.1) lib/web_console/middleware.rb:18:in `call'
actionpack (5.1.4) lib/action_dispatch/middleware/show_exceptions.rb:31:in `call'
railties (5.1.4) lib/rails/rack/logger.rb:36:in `call_app'
railties (5.1.4) lib/rails/rack/logger.rb:24:in `block in call'
activesupport (5.1.4) lib/active_support/tagged_logging.rb:69:in `block in tagged'
activesupport (5.1.4) lib/active_support/tagged_logging.rb:26:in `tagged'
activesupport (5.1.4) lib/active_support/tagged_logging.rb:69:in `tagged'
railties (5.1.4) lib/rails/rack/logger.rb:24:in `call'
sprockets-rails (3.2.1) lib/sprockets/rails/quiet_assets.rb:13:in `call'
actionpack (5.1.4) lib/action_dispatch/middleware/remote_ip.rb:79:in `call'
actionpack (5.1.4) lib/action_dispatch/middleware/request_id.rb:25:in `call'
rack (2.0.3) lib/rack/method_override.rb:22:in `call'
rack (2.0.3) lib/rack/runtime.rb:22:in `call'
activesupport (5.1.4) lib/active_support/cache/strategy/local_cache_middleware.rb:27:in `call'
actionpack (5.1.4) lib/action_dispatch/middleware/executor.rb:12:in `call'
actionpack (5.1.4) lib/action_dispatch/middleware/static.rb:125:in `call'
rack (2.0.3) lib/rack/sendfile.rb:111:in `call'
railties (5.1.4) lib/rails/engine.rb:522:in `call'
puma (3.10.0) lib/puma/configuration.rb:225:in `call'
puma (3.10.0) lib/puma/server.rb:605:in `handle_request'
puma (3.10.0) lib/puma/server.rb:437:in `process_client'
puma (3.10.0) lib/puma/server.rb:301:in `block in run'
puma (3.10.0) lib/puma/thread_pool.rb:120:in `block in spawn_thread'
Started GET "/" for 127.0.0.1 at 2017-10-06 14:27:59 +0800
Processing by PagesController#homepage as HTML
  Rendering pages/about.html within layouts/application
  Rendered pages/about.html within layouts/application (0.6ms)
Completed 200 OK in 584ms (Views: 311.9ms)


Started GET "/" for 127.0.0.1 at 2017-10-06 14:28:06 +0800
Processing by PagesController#homepage as HTML
  Rendering pages/about.html within layouts/application
  Rendered pages/about.html within layouts/application (0.4ms)
Completed 200 OK in 25ms (Views: 23.8ms)


Started GET "/homepage" for 127.0.0.1 at 2017-10-06 14:28:08 +0800
  
ActionController::RoutingError (No route matches [GET] "/homepage"):
  
actionpack (5.1.4) lib/action_dispatch/middleware/debug_exceptions.rb:63:in `call'
web-console (3.5.1) lib/web_console/middleware.rb:135:in `call_app'
web-console (3.5.1) lib/web_console/middleware.rb:28:in `block in call'
web-console (3.5.1) lib/web_console/middleware.rb:18:in `catch'
web-console (3.5.1) lib/web_console/middleware.rb:18:in `call'
actionpack (5.1.4) lib/action_dispatch/middleware/show_exceptions.rb:31:in `call'
railties (5.1.4) lib/rails/rack/logger.rb:36:in `call_app'
railties (5.1.4) lib/rails/rack/logger.rb:24:in `block in call'
activesupport (5.1.4) lib/active_support/tagged_logging.rb:69:in `block in tagged'
activesupport (5.1.4) lib/active_support/tagged_logging.rb:26:in `tagged'
activesupport (5.1.4) lib/active_support/tagged_logging.rb:69:in `tagged'
railties (5.1.4) lib/rails/rack/logger.rb:24:in `call'
sprockets-rails (3.2.1) lib/sprockets/rails/quiet_assets.rb:13:in `call'
actionpack (5.1.4) lib/action_dispatch/middleware/remote_ip.rb:79:in `call'
actionpack (5.1.4) lib/action_dispatch/middleware/request_id.rb:25:in `call'
rack (2.0.3) lib/rack/method_override.rb:22:in `call'
rack (2.0.3) lib/rack/runtime.rb:22:in `call'
activesupport (5.1.4) lib/active_support/cache/strategy/local_cache_middleware.rb:27:in `call'
actionpack (5.1.4) lib/action_dispatch/middleware/executor.rb:12:in `call'
actionpack (5.1.4) lib/action_dispatch/middleware/static.rb:125:in `call'
rack (2.0.3) lib/rack/sendfile.rb:111:in `call'
railties (5.1.4) lib/rails/engine.rb:522:in `call'
puma (3.10.0) lib/puma/configuration.rb:225:in `call'
puma (3.10.0) lib/puma/server.rb:605:in `handle_request'
puma (3.10.0) lib/puma/server.rb:437:in `process_client'
puma (3.10.0) lib/puma/server.rb:301:in `block in run'
puma (3.10.0) lib/puma/thread_pool.rb:120:in `block in spawn_thread'
Started GET "/homepage" for 127.0.0.1 at 2017-10-06 14:28:08 +0800
  
ActionController::RoutingError (No route matches [GET] "/homepage"):
  
actionpack (5.1.4) lib/action_dispatch/middleware/debug_exceptions.rb:63:in `call'
web-console (3.5.1) lib/web_console/middleware.rb:135:in `call_app'
web-console (3.5.1) lib/web_console/middleware.rb:28:in `block in call'
web-console (3.5.1) lib/web_console/middleware.rb:18:in `catch'
web-console (3.5.1) lib/web_console/middleware.rb:18:in `call'
actionpack (5.1.4) lib/action_dispatch/middleware/show_exceptions.rb:31:in `call'
railties (5.1.4) lib/rails/rack/logger.rb:36:in `call_app'
railties (5.1.4) lib/rails/rack/logger.rb:24:in `block in call'
activesupport (5.1.4) lib/active_support/tagged_logging.rb:69:in `block in tagged'
activesupport (5.1.4) lib/active_support/tagged_logging.rb:26:in `tagged'
activesupport (5.1.4) lib/active_support/tagged_logging.rb:69:in `tagged'
railties (5.1.4) lib/rails/rack/logger.rb:24:in `call'
sprockets-rails (3.2.1) lib/sprockets/rails/quiet_assets.rb:13:in `call'
actionpack (5.1.4) lib/action_dispatch/middleware/remote_ip.rb:79:in `call'
actionpack (5.1.4) lib/action_dispatch/middleware/request_id.rb:25:in `call'
rack (2.0.3) lib/rack/method_override.rb:22:in `call'
rack (2.0.3) lib/rack/runtime.rb:22:in `call'
activesupport (5.1.4) lib/active_support/cache/strategy/local_cache_middleware.rb:27:in `call'
actionpack (5.1.4) lib/action_dispatch/middleware/executor.rb:12:in `call'
actionpack (5.1.4) lib/action_dispatch/middleware/static.rb:125:in `call'
rack (2.0.3) lib/rack/sendfile.rb:111:in `call'
railties (5.1.4) lib/rails/engine.rb:522:in `call'
puma (3.10.0) lib/puma/configuration.rb:225:in `call'
puma (3.10.0) lib/puma/server.rb:605:in `handle_request'
puma (3.10.0) lib/puma/server.rb:437:in `process_client'
puma (3.10.0) lib/puma/server.rb:301:in `block in run'
puma (3.10.0) lib/puma/thread_pool.rb:120:in `block in spawn_thread'
Started GET "/homepage" for 127.0.0.1 at 2017-10-06 14:28:56 +0800
  
ActionController::RoutingError (No route matches [GET] "/homepage"):
  
actionpack (5.1.4) lib/action_dispatch/middleware/debug_exceptions.rb:63:in `call'
web-console (3.5.1) lib/web_console/middleware.rb:135:in `call_app'
web-console (3.5.1) lib/web_console/middleware.rb:28:in `block in call'
web-console (3.5.1) lib/web_console/middleware.rb:18:in `catch'
web-console (3.5.1) lib/web_console/middleware.rb:18:in `call'
actionpack (5.1.4) lib/action_dispatch/middleware/show_exceptions.rb:31:in `call'
railties (5.1.4) lib/rails/rack/logger.rb:36:in `call_app'
railties (5.1.4) lib/rails/rack/logger.rb:24:in `block in call'
activesupport (5.1.4) lib/active_support/tagged_logging.rb:69:in `block in tagged'
activesupport (5.1.4) lib/active_support/tagged_logging.rb:26:in `tagged'
activesupport (5.1.4) lib/active_support/tagged_logging.rb:69:in `tagged'
railties (5.1.4) lib/rails/rack/logger.rb:24:in `call'
sprockets-rails (3.2.1) lib/sprockets/rails/quiet_assets.rb:13:in `call'
actionpack (5.1.4) lib/action_dispatch/middleware/remote_ip.rb:79:in `call'
actionpack (5.1.4) lib/action_dispatch/middleware/request_id.rb:25:in `call'
rack (2.0.3) lib/rack/method_override.rb:22:in `call'
rack (2.0.3) lib/rack/runtime.rb:22:in `call'
activesupport (5.1.4) lib/active_support/cache/strategy/local_cache_middleware.rb:27:in `call'
actionpack (5.1.4) lib/action_dispatch/middleware/executor.rb:12:in `call'
actionpack (5.1.4) lib/action_dispatch/middleware/static.rb:125:in `call'
rack (2.0.3) lib/rack/sendfile.rb:111:in `call'
railties (5.1.4) lib/rails/engine.rb:522:in `call'
puma (3.10.0) lib/puma/configuration.rb:225:in `call'
puma (3.10.0) lib/puma/server.rb:605:in `handle_request'
puma (3.10.0) lib/puma/server.rb:437:in `process_client'
puma (3.10.0) lib/puma/server.rb:301:in `block in run'
puma (3.10.0) lib/puma/thread_pool.rb:120:in `block in spawn_thread'
Started GET "/" for 127.0.0.1 at 2017-10-06 14:29:00 +0800
Processing by PagesController#homepage as HTML
  Rendering pages/homepage.html within layouts/application
  Rendered pages/homepage.html within layouts/application (0.5ms)
Completed 200 OK in 72ms (Views: 71.1ms)


Started GET "/about" for 127.0.0.1 at 2017-10-06 14:29:04 +0800
Processing by PagesController#about as HTML
  Rendering pages/about.html within layouts/application
  Rendered pages/about.html within layouts/application (0.5ms)
Completed 200 OK in 16ms (Views: 14.5ms)


Started GET "/about" for 127.0.0.1 at 2017-10-06 14:29:04 +0800
Processing by PagesController#about as HTML
  Rendering pages/about.html within layouts/application
  Rendered pages/about.html within layouts/application (0.4ms)
Completed 200 OK in 26ms (Views: 23.6ms)


Started GET "/about" for 127.0.0.1 at 2017-10-06 14:37:39 +0800
Processing by PagesController#about as HTML
  Rendering pages/about.html within layouts/application
  Rendered pages/about.html within layouts/application (1.5ms)
Completed 200 OK in 2833ms (Views: 2530.7ms)


Started GET "/about" for 127.0.0.1 at 2017-10-06 14:38:26 +0800
Processing by PagesController#about as HTML
  Rendering pages/about.html within layouts/application
  Rendered pages/about.html within layouts/application (0.3ms)
Completed 200 OK in 36ms (Views: 34.0ms)


Started GET "/" for 127.0.0.1 at 2017-10-06 14:38:35 +0800
Processing by PagesController#homepage as HTML
  Rendering pages/homepage.html within layouts/application
  Rendered pages/homepage.html within layouts/application (0.7ms)
Completed 200 OK in 62ms (Views: 59.1ms)


Started GET "/" for 127.0.0.1 at 2017-10-06 14:38:38 +0800
Processing by PagesController#homepage as HTML
  Rendering pages/homepage.html within layouts/application
  Rendered pages/homepage.html within layouts/application (0.4ms)
Completed 200 OK in 32ms (Views: 29.9ms)


Started GET "/" for 127.0.0.1 at 2017-10-06 14:38:39 +0800
Processing by PagesController#homepage as HTML
  Rendering pages/homepage.html within layouts/application
  Rendered pages/homepage.html within layouts/application (0.4ms)
Completed 200 OK in 28ms (Views: 24.6ms)


Started GET "/" for 127.0.0.1 at 2017-10-06 14:38:40 +0800
Processing by PagesController#homepage as HTML
  Rendering pages/homepage.html within layouts/application
  Rendered pages/homepage.html within layouts/application (0.5ms)
Completed 200 OK in 28ms (Views: 25.6ms)


Started GET "/" for 127.0.0.1 at 2017-10-06 14:40:16 +0800
Processing by PagesController#homepage as HTML
  Rendering pages/homepage.html within layouts/application
  Rendered pages/homepage.html within layouts/application (0.4ms)
Completed 200 OK in 39ms (Views: 36.7ms)


Started GET "/about" for 127.0.0.1 at 2017-10-06 14:40:20 +0800
Processing by PagesController#about as HTML
  Rendering pages/about.html within layouts/application
  Rendered pages/about.html within layouts/application (0.3ms)
Completed 200 OK in 23ms (Views: 21.2ms)


Started GET "/abour" for 127.0.0.1 at 2017-10-06 14:40:22 +0800
  
ActionController::RoutingError (No route matches [GET] "/abour"):
  
actionpack (5.1.4) lib/action_dispatch/middleware/debug_exceptions.rb:63:in `call'
web-console (3.5.1) lib/web_console/middleware.rb:135:in `call_app'
web-console (3.5.1) lib/web_console/middleware.rb:28:in `block in call'
web-console (3.5.1) lib/web_console/middleware.rb:18:in `catch'
web-console (3.5.1) lib/web_console/middleware.rb:18:in `call'
actionpack (5.1.4) lib/action_dispatch/middleware/show_exceptions.rb:31:in `call'
railties (5.1.4) lib/rails/rack/logger.rb:36:in `call_app'
railties (5.1.4) lib/rails/rack/logger.rb:24:in `block in call'
activesupport (5.1.4) lib/active_support/tagged_logging.rb:69:in `block in tagged'
activesupport (5.1.4) lib/active_support/tagged_logging.rb:26:in `tagged'
activesupport (5.1.4) lib/active_support/tagged_logging.rb:69:in `tagged'
railties (5.1.4) lib/rails/rack/logger.rb:24:in `call'
sprockets-rails (3.2.1) lib/sprockets/rails/quiet_assets.rb:13:in `call'
actionpack (5.1.4) lib/action_dispatch/middleware/remote_ip.rb:79:in `call'
actionpack (5.1.4) lib/action_dispatch/middleware/request_id.rb:25:in `call'
rack (2.0.3) lib/rack/method_override.rb:22:in `call'
rack (2.0.3) lib/rack/runtime.rb:22:in `call'
activesupport (5.1.4) lib/active_support/cache/strategy/local_cache_middleware.rb:27:in `call'
actionpack (5.1.4) lib/action_dispatch/middleware/executor.rb:12:in `call'
actionpack (5.1.4) lib/action_dispatch/middleware/static.rb:125:in `call'
rack (2.0.3) lib/rack/sendfile.rb:111:in `call'
railties (5.1.4) lib/rails/engine.rb:522:in `call'
puma (3.10.0) lib/puma/configuration.rb:225:in `call'
puma (3.10.0) lib/puma/server.rb:605:in `handle_request'
puma (3.10.0) lib/puma/server.rb:437:in `process_client'
puma (3.10.0) lib/puma/server.rb:301:in `block in run'
puma (3.10.0) lib/puma/thread_pool.rb:120:in `block in spawn_thread'
Started GET "/about" for 127.0.0.1 at 2017-10-06 14:40:24 +0800
Processing by PagesController#about as HTML
  Rendering pages/about.html within layouts/application
  Rendered pages/about.html within layouts/application (0.3ms)
Completed 200 OK in 32ms (Views: 30.8ms)


Started GET "/about" for 127.0.0.1 at 2017-10-06 14:40:24 +0800
Processing by PagesController#about as HTML
  Rendering pages/about.html within layouts/application
  Rendered pages/about.html within layouts/application (0.5ms)
Completed 200 OK in 40ms (Views: 38.3ms)


Started GET "/" for 127.0.0.1 at 2017-10-06 14:40:27 +0800
Processing by PagesController#homepage as HTML
  Rendering pages/homepage.html within layouts/application
  Rendered pages/homepage.html within layouts/application (0.3ms)
Completed 200 OK in 28ms (Views: 25.9ms)


Started GET "/about" for 127.0.0.1 at 2017-10-06 14:40:28 +0800
Processing by PagesController#about as HTML
  Rendering pages/about.html within layouts/application
  Rendered pages/about.html within layouts/application (0.5ms)
Completed 200 OK in 35ms (Views: 32.3ms)


Started GET "/" for 127.0.0.1 at 2017-10-06 14:40:29 +0800
Processing by PagesController#homepage as HTML
  Rendering pages/homepage.html within layouts/application
  Rendered pages/homepage.html within layouts/application (0.6ms)
Completed 200 OK in 39ms (Views: 37.2ms)


Started GET "/" for 127.0.0.1 at 2017-10-06 14:49:48 +0800
Processing by PagesController#homepage as HTML
  Rendering pages/homepage.html within layouts/application
  Rendered pages/homepage.html within layouts/application (6.2ms)
Completed 200 OK in 117ms (Views: 107.9ms)


Started GET "/" for 127.0.0.1 at 2017-10-06 15:08:54 +0800
Processing by PagesController#homepage as HTML
  Rendering pages/homepage.html within layouts/application
  Rendered pages/homepage.html within layouts/application (2.2ms)
Completed 200 OK in 141ms (Views: 119.7ms)


Started GET "/" for 127.0.0.1 at 2017-10-06 15:09:17 +0800
Processing by PagesController#homepage as HTML
  Rendering pages/homepage.html within layouts/application
  Rendered pages/homepage.html within layouts/application (0.7ms)
Completed 200 OK in 47ms (Views: 44.0ms)


Started GET "/" for 127.0.0.1 at 2017-10-06 15:09:30 +0800
Processing by PagesController#homepage as HTML
  Rendering pages/homepage.html within layouts/application
  Rendered pages/homepage.html within layouts/application (0.6ms)
Completed 200 OK in 43ms (Views: 40.5ms)


Started GET "/" for 127.0.0.1 at 2017-10-06 15:11:25 +0800
Processing by PagesController#homepage as HTML
  Rendering pages/homepage.html within layouts/application
  Rendered pages/homepage.html within layouts/application (0.4ms)
Completed 200 OK in 71ms (Views: 67.3ms)


Started GET "/" for 127.0.0.1 at 2017-10-06 15:11:26 +0800
Processing by PagesController#homepage as HTML
  Rendering pages/homepage.html within layouts/application
  Rendered pages/homepage.html within layouts/application (0.7ms)
Completed 200 OK in 55ms (Views: 23.8ms)


Started GET "/" for 127.0.0.1 at 2017-10-06 15:11:27 +0800
Processing by PagesController#homepage as HTML
  Rendering pages/homepage.html within layouts/application
  Rendered pages/homepage.html within layouts/application (0.8ms)
Completed 200 OK in 32ms (Views: 30.0ms)


Started GET "/about" for 127.0.0.1 at 2017-10-06 15:11:28 +0800
Processing by PagesController#about as HTML
  Rendering pages/about.html within layouts/application
  Rendered pages/about.html within layouts/application (0.6ms)
Completed 200 OK in 30ms (Views: 27.0ms)


Started GET "/" for 127.0.0.1 at 2017-10-06 15:11:29 +0800
Processing by PagesController#homepage as HTML
  Rendering pages/homepage.html within layouts/application
  Rendered pages/homepage.html within layouts/application (1.2ms)
Completed 200 OK in 36ms (Views: 34.6ms)


Started GET "/about" for 127.0.0.1 at 2017-10-06 15:11:29 +0800
Processing by PagesController#about as HTML
  Rendering pages/about.html within layouts/application
  Rendered pages/about.html within layouts/application (0.5ms)
Completed 200 OK in 39ms (Views: 36.3ms)


Started GET "/about" for 127.0.0.1 at 2017-10-06 15:12:27 +0800
Processing by PagesController#about as HTML
  Rendering pages/about.html within layouts/application
  Rendered pages/about.html within layouts/application (0.3ms)
Completed 200 OK in 40ms (Views: 37.9ms)


Started GET "/about" for 127.0.0.1 at 2017-10-06 15:12:29 +0800
Processing by PagesController#about as HTML
  Rendering pages/about.html within layouts/application
  Rendered pages/about.html within layouts/application (0.6ms)
Completed 200 OK in 31ms (Views: 28.7ms)


Started GET "/about" for 127.0.0.1 at 2017-10-06 15:12:29 +0800
Processing by PagesController#about as HTML
  Rendering pages/about.html within layouts/application
  Rendered pages/about.html within layouts/application (0.3ms)
Completed 200 OK in 28ms (Views: 25.5ms)


Started GET "/" for 127.0.0.1 at 2017-10-06 15:12:30 +0800
Processing by PagesController#homepage as HTML
  Rendering pages/homepage.html within layouts/application
  Rendered pages/homepage.html within layouts/application (0.4ms)
Completed 200 OK in 27ms (Views: 24.2ms)


Started GET "/about" for 127.0.0.1 at 2017-10-06 15:12:31 +0800
Processing by PagesController#about as HTML
  Rendering pages/about.html within layouts/application
  Rendered pages/about.html within layouts/application (0.4ms)
Completed 200 OK in 36ms (Views: 33.6ms)


Started GET "/" for 127.0.0.1 at 2017-10-06 15:12:31 +0800
Processing by PagesController#homepage as HTML
  Rendering pages/homepage.html within layouts/application
  Rendered pages/homepage.html within layouts/application (0.6ms)
Completed 200 OK in 39ms (Views: 37.2ms)


Started GET "/" for 127.0.0.1 at 2017-10-06 15:13:15 +0800
Processing by PagesController#homepage as HTML
  Rendering pages/homepage.html within layouts/application
  Rendered pages/homepage.html within layouts/application (0.3ms)
Completed 200 OK in 35ms (Views: 33.0ms)


Started GET "/about" for 127.0.0.1 at 2017-10-06 15:13:16 +0800
Processing by PagesController#about as HTML
  Rendering pages/about.html within layouts/application
  Rendered pages/about.html within layouts/application (0.4ms)
Completed 200 OK in 30ms (Views: 28.1ms)


Started GET "/about" for 127.0.0.1 at 2017-10-06 15:16:56 +0800
Processing by PagesController#about as HTML
  Rendering pages/about.html within layouts/application
  Rendered pages/about.html within layouts/application (0.4ms)
Completed 200 OK in 45ms (Views: 43.1ms)


Started GET "/about" for 127.0.0.1 at 2017-10-06 16:48:47 +0800
Processing by PagesController#about as HTML
  Rendering pages/about.html within layouts/application
  Rendered pages/about.html within layouts/application (1.0ms)
Completed 200 OK in 113ms (Views: 108.5ms)


Started GET "/about" for 127.0.0.1 at 2017-10-06 16:48:49 +0800
Processing by PagesController#about as HTML
  Rendering pages/about.html within layouts/application
  Rendered pages/about.html within layouts/application (0.3ms)
Completed 200 OK in 48ms (Views: 45.2ms)


Started GET "/" for 127.0.0.1 at 2017-10-06 16:48:50 +0800
Processing by PagesController#homepage as HTML
  Rendering pages/homepage.html.erb within layouts/application
  Rendered pages/homepage.html.erb within layouts/application (0.7ms)
Completed 200 OK in 48ms (Views: 44.3ms)


Started GET "/" for 127.0.0.1 at 2017-10-06 16:48:52 +0800
Processing by PagesController#homepage as HTML
  Rendering pages/homepage.html.erb within layouts/application
  Rendered pages/homepage.html.erb within layouts/application (0.6ms)
Completed 200 OK in 40ms (Views: 37.9ms)


Started GET "/" for 127.0.0.1 at 2017-10-06 16:49:12 +0800
Processing by PagesController#homepage as HTML
  Rendering pages/homepage.html.erb within layouts/application
  Rendered pages/homepage.html.erb within layouts/application (2.0ms)
Completed 200 OK in 69ms (Views: 63.0ms)


Started GET "/" for 127.0.0.1 at 2017-10-06 16:49:33 +0800
Processing by PagesController#homepage as HTML
  Rendering pages/homepage.html.erb within layouts/application
  Rendered pages/homepage.html.erb within layouts/application (0.8ms)
Completed 200 OK in 38ms (Views: 35.5ms)


Started GET "/" for 127.0.0.1 at 2017-10-06 17:03:30 +0800
Processing by PagesController#homepage as HTML
  Rendering pages/homepage.html.erb within layouts/application
  Rendered pages/homepage.html.erb within layouts/application (5.6ms)
Completed 200 OK in 129ms (Views: 118.0ms)


Started GET "/about" for 127.0.0.1 at 2017-10-06 17:03:31 +0800
Processing by PagesController#about as HTML
  Rendering pages/about.html within layouts/application
  Rendered pages/about.html within layouts/application (0.5ms)
Completed 200 OK in 50ms (Views: 44.9ms)


Started GET "/" for 127.0.0.1 at 2017-10-06 17:03:33 +0800
Processing by PagesController#homepage as HTML
  Rendering pages/homepage.html.erb within layouts/application
  Rendered pages/homepage.html.erb within layouts/application (0.5ms)
Completed 200 OK in 42ms (Views: 38.8ms)


Started GET "/about" for 127.0.0.1 at 2017-10-06 17:03:33 +0800
Processing by PagesController#about as HTML
  Rendering pages/about.html within layouts/application
  Rendered pages/about.html within layouts/application (0.4ms)
Completed 200 OK in 41ms (Views: 38.8ms)


Started GET "/" for 127.0.0.1 at 2017-10-06 17:03:34 +0800
Processing by PagesController#homepage as HTML
  Rendering pages/homepage.html.erb within layouts/application
  Rendered pages/homepage.html.erb within layouts/application (0.6ms)
Completed 200 OK in 40ms (Views: 37.6ms)


Started GET "/about" for 127.0.0.1 at 2017-10-06 17:03:34 +0800
Processing by PagesController#about as HTML
  Rendering pages/about.html within layouts/application
  Rendered pages/about.html within layouts/application (0.4ms)
Completed 200 OK in 36ms (Views: 34.3ms)


